execve("./nn", ["./nn", "1400001", "1700007"], [/* 21 vars */]) = 0
brk(NULL)                               = 0x562a55a55000
access("/etc/ld.so.nohwcap", F_OK)      = -1 ENOENT (No such file or directory)
access("/etc/ld.so.preload", R_OK)      = -1 ENOENT (No such file or directory)
openat(AT_FDCWD, "/etc/ld.so.cache", O_RDONLY|O_CLOEXEC) = 3
fstat(3, {st_mode=S_IFREG|0644, st_size=28724, ...}) = 0
mmap(NULL, 28724, PROT_READ, MAP_PRIVATE, 3, 0) = 0x7f192c5fa000
close(3)                                = 0
access("/etc/ld.so.nohwcap", F_OK)      = -1 ENOENT (No such file or directory)
openat(AT_FDCWD, "/lib/x86_64-linux-gnu/libpthread.so.0", O_RDONLY|O_CLOEXEC) = 3
read(3, "\177ELF\2\1\1\0\0\0\0\0\0\0\0\0\3\0>\0\1\0\0\0\360a\0\0\0\0\0\0"..., 832) = 832
fstat(3, {st_mode=S_IFREG|0755, st_size=144776, ...}) = 0
mmap(NULL, 8192, PROT_READ|PROT_WRITE, MAP_PRIVATE|MAP_ANONYMOUS, -1, 0) = 0x7f192c5f8000
mmap(NULL, 2221160, PROT_READ|PROT_EXEC, MAP_PRIVATE|MAP_DENYWRITE, 3, 0) = 0x7f192c1bc000
mprotect(0x7f192c1d6000, 2093056, PROT_NONE) = 0
mmap(0x7f192c3d5000, 8192, PROT_READ|PROT_WRITE, MAP_PRIVATE|MAP_FIXED|MAP_DENYWRITE, 3, 0x19000) = 0x7f192c3d5000
mmap(0x7f192c3d7000, 13416, PROT_READ|PROT_WRITE, MAP_PRIVATE|MAP_FIXED|MAP_ANONYMOUS, -1, 0) = 0x7f192c3d7000
close(3)                                = 0
access("/etc/ld.so.nohwcap", F_OK)      = -1 ENOENT (No such file or directory)
openat(AT_FDCWD, "/lib/x86_64-linux-gnu/libc.so.6", O_RDONLY|O_CLOEXEC) = 3
read(3, "\177ELF\2\1\1\3\0\0\0\0\0\0\0\0\3\0>\0\1\0\0\0\340\22\2\0\0\0\0\0"..., 832) = 832
fstat(3, {st_mode=S_IFREG|0755, st_size=1960656, ...}) = 0
mmap(NULL, 4061792, PROT_READ|PROT_EXEC, MAP_PRIVATE|MAP_DENYWRITE, 3, 0) = 0x7f192bddc000
mprotect(0x7f192bfb2000, 2097152, PROT_NONE) = 0
mmap(0x7f192c1b2000, 24576, PROT_READ|PROT_WRITE, MAP_PRIVATE|MAP_FIXED|MAP_DENYWRITE, 3, 0x1d6000) = 0x7f192c1b2000
mmap(0x7f192c1b8000, 14944, PROT_READ|PROT_WRITE, MAP_PRIVATE|MAP_FIXED|MAP_ANONYMOUS, -1, 0) = 0x7f192c1b8000
close(3)                                = 0
mmap(NULL, 12288, PROT_READ|PROT_WRITE, MAP_PRIVATE|MAP_ANONYMOUS, -1, 0) = 0x7f192c5f5000
arch_prctl(ARCH_SET_FS, 0x7f192c5f5740) = 0
mprotect(0x7f192c1b2000, 16384, PROT_READ) = 0
mprotect(0x7f192c3d5000, 4096, PROT_READ) = 0
mprotect(0x562a5458f000, 4096, PROT_READ) = 0
mprotect(0x7f192c602000, 4096, PROT_READ) = 0
munmap(0x7f192c5fa000, 28724)           = 0
set_tid_address(0x7f192c5f5a10)         = 65355
set_robust_list(0x7f192c5f5a20, 24)     = 0
rt_sigaction(SIGRTMIN, {sa_handler=0x7f192c1c1c70, sa_mask=[], sa_flags=SA_RESTORER|SA_SIGINFO, sa_restorer=0x7f192c1cf150}, NULL, 8) = 0
rt_sigaction(SIGRT_1, {sa_handler=0x7f192c1c1d00, sa_mask=[], sa_flags=SA_RESTORER|SA_RESTART|SA_SIGINFO, sa_restorer=0x7f192c1cf150}, NULL, 8) = 0
rt_sigprocmask(SIG_UNBLOCK, [RTMIN RT_1], NULL, 8) = 0
prlimit64(0, RLIMIT_STACK, NULL, {rlim_cur=8192*1024, rlim_max=RLIM64_INFINITY}) = 0
chdir(".")                              = 0
openat(AT_FDCWD, "data/nn.dat", O_RDONLY) = 3
lseek(3, 0, SEEK_END)                   = 47394958
mmap(NULL, 47394958, PROT_READ, MAP_PRIVATE, 3, 0) = 0x7f19290a8000
close(3)                                = 0
brk(NULL)                               = 0x562a55a55000
brk(0x562a55a76000)                     = 0x562a55a76000
mmap(NULL, 8392704, PROT_NONE, MAP_PRIVATE|MAP_ANONYMOUS|MAP_STACK, -1, 0) = 0x7f19288a7000
mprotect(0x7f19288a8000, 8388608, PROT_READ|PROT_WRITE) = 0
clone(child_stack=0x7f19290a6fb0, flags=CLONE_VM|CLONE_FS|CLONE_FILES|CLONE_SIGHAND|CLONE_THREAD|CLONE_SYSVSEM|CLONE_SETTLS|CLONE_PARENT_SETTID|CLONE_CHILD_CLEARTID, parent_tidptr=0x7f19290a79d0, tls=0x7f19290a7700, child_tidptr=0x7f19290a79d0) = 65356
mmap(NULL, 8392704, PROT_NONE, MAP_PRIVATE|MAP_ANONYMOUS|MAP_STACK, -1, 0) = 0x7f19280a6000
mprotect(0x7f19280a7000, 8388608, PROT_READ|PROT_WRITE) = 0
clone(child_stack=0x7f19288a5fb0, flags=CLONE_VM|CLONE_FS|CLONE_FILES|CLONE_SIGHAND|CLONE_THREAD|CLONE_SYSVSEM|CLONE_SETTLS|CLONE_PARENT_SETTID|CLONE_CHILD_CLEARTID, parent_tidptr=0x7f19288a69d0, tls=0x7f19288a6700, child_tidptr=0x7f19288a69d0) = 65357
mmap(NULL, 8392704, PROT_NONE, MAP_PRIVATE|MAP_ANONYMOUS|MAP_STACK, -1, 0) = 0x7f19278a5000
mprotect(0x7f19278a6000, 8388608, PROT_READ|PROT_WRITE) = 0
clone(child_stack=0x7f19280a4fb0, flags=CLONE_VM|CLONE_FS|CLONE_FILES|CLONE_SIGHAND|CLONE_THREAD|CLONE_SYSVSEM|CLONE_SETTLS|CLONE_PARENT_SETTID|CLONE_CHILD_CLEARTID, parent_tidptr=0x7f19280a59d0, tls=0x7f19280a5700, child_tidptr=0x7f19280a59d0) = 65358
mmap(NULL, 8392704, PROT_NONE, MAP_PRIVATE|MAP_ANONYMOUS|MAP_STACK, -1, 0) = 0x7f19270a4000
mprotect(0x7f19270a5000, 8388608, PROT_READ|PROT_WRITE) = 0
clone(child_stack=0x7f19278a3fb0, flags=CLONE_VM|CLONE_FS|CLONE_FILES|CLONE_SIGHAND|CLONE_THREAD|CLONE_SYSVSEM|CLONE_SETTLS|CLONE_PARENT_SETTID|CLONE_CHILD_CLEARTID, parent_tidptr=0x7f19278a49d0, tls=0x7f19278a4700, child_tidptr=0x7f19278a49d0) = 65359
mmap(NULL, 8392704, PROT_NONE, MAP_PRIVATE|MAP_ANONYMOUS|MAP_STACK, -1, 0) = 0x7f19268a3000
mprotect(0x7f19268a4000, 8388608, PROT_READ|PROT_WRITE) = 0
clone(child_stack=0x7f19270a2fb0, flags=CLONE_VM|CLONE_FS|CLONE_FILES|CLONE_SIGHAND|CLONE_THREAD|CLONE_SYSVSEM|CLONE_SETTLS|CLONE_PARENT_SETTID|CLONE_CHILD_CLEARTID, parent_tidptr=0x7f19270a39d0, tls=0x7f19270a3700, child_tidptr=0x7f19270a39d0) = 65360
mmap(NULL, 8392704, PROT_NONE, MAP_PRIVATE|MAP_ANONYMOUS|MAP_STACK, -1, 0) = 0x7f19260a2000
mprotect(0x7f19260a3000, 8388608, PROT_READ|PROT_WRITE) = 0
clone(child_stack=0x7f19268a1fb0, flags=CLONE_VM|CLONE_FS|CLONE_FILES|CLONE_SIGHAND|CLONE_THREAD|CLONE_SYSVSEM|CLONE_SETTLS|CLONE_PARENT_SETTID|CLONE_CHILD_CLEARTID, parent_tidptr=0x7f19268a29d0, tls=0x7f19268a2700, child_tidptr=0x7f19268a29d0) = 65361
mmap(NULL, 8392704, PROT_NONE, MAP_PRIVATE|MAP_ANONYMOUS|MAP_STACK, -1, 0) = 0x7f19258a1000
mprotect(0x7f19258a2000, 8388608, PROT_READ|PROT_WRITE) = 0
clone(child_stack=0x7f19260a0fb0, flags=CLONE_VM|CLONE_FS|CLONE_FILES|CLONE_SIGHAND|CLONE_THREAD|CLONE_SYSVSEM|CLONE_SETTLS|CLONE_PARENT_SETTID|CLONE_CHILD_CLEARTID, parent_tidptr=0x7f19260a19d0, tls=0x7f19260a1700, child_tidptr=0x7f19260a19d0) = 65362
mmap(NULL, 8392704, PROT_NONE, MAP_PRIVATE|MAP_ANONYMOUS|MAP_STACK, -1, 0) = 0x7f19250a0000
mprotect(0x7f19250a1000, 8388608, PROT_READ|PROT_WRITE) = 0
clone(child_stack=0x7f192589ffb0, flags=CLONE_VM|CLONE_FS|CLONE_FILES|CLONE_SIGHAND|CLONE_THREAD|CLONE_SYSVSEM|CLONE_SETTLS|CLONE_PARENT_SETTID|CLONE_CHILD_CLEARTID, parent_tidptr=0x7f19258a09d0, tls=0x7f19258a0700, child_tidptr=0x7f19258a09d0) = 65363
mmap(NULL, 8392704, PROT_NONE, MAP_PRIVATE|MAP_ANONYMOUS|MAP_STACK, -1, 0) = 0x7f192489f000
mprotect(0x7f19248a0000, 8388608, PROT_READ|PROT_WRITE) = 0
clone(child_stack=0x7f192509efb0, flags=CLONE_VM|CLONE_FS|CLONE_FILES|CLONE_SIGHAND|CLONE_THREAD|CLONE_SYSVSEM|CLONE_SETTLS|CLONE_PARENT_SETTID|CLONE_CHILD_CLEARTID, parent_tidptr=0x7f192509f9d0, tls=0x7f192509f700, child_tidptr=0x7f192509f9d0) = 65364
mmap(NULL, 8392704, PROT_NONE, MAP_PRIVATE|MAP_ANONYMOUS|MAP_STACK, -1, 0) = 0x7f192409e000
mprotect(0x7f192409f000, 8388608, PROT_READ|PROT_WRITE) = 0
clone(child_stack=0x7f192489dfb0, flags=CLONE_VM|CLONE_FS|CLONE_FILES|CLONE_SIGHAND|CLONE_THREAD|CLONE_SYSVSEM|CLONE_SETTLS|CLONE_PARENT_SETTID|CLONE_CHILD_CLEARTID, parent_tidptr=0x7f192489e9d0, tls=0x7f192489e700, child_tidptr=0x7f192489e9d0) = 65365
mmap(NULL, 8392704, PROT_NONE, MAP_PRIVATE|MAP_ANONYMOUS|MAP_STACK, -1, 0) = 0x7f192389d000
mprotect(0x7f192389e000, 8388608, PROT_READ|PROT_WRITE) = 0
clone(child_stack=0x7f192409cfb0, flags=CLONE_VM|CLONE_FS|CLONE_FILES|CLONE_SIGHAND|CLONE_THREAD|CLONE_SYSVSEM|CLONE_SETTLS|CLONE_PARENT_SETTID|CLONE_CHILD_CLEARTID, parent_tidptr=0x7f192409d9d0, tls=0x7f192409d700, child_tidptr=0x7f192409d9d0) = 65366
mmap(NULL, 8392704, PROT_NONE, MAP_PRIVATE|MAP_ANONYMOUS|MAP_STACK, -1, 0) = 0x7f192309c000
mprotect(0x7f192309d000, 8388608, PROT_READ|PROT_WRITE) = 0
clone(child_stack=0x7f192389bfb0, flags=CLONE_VM|CLONE_FS|CLONE_FILES|CLONE_SIGHAND|CLONE_THREAD|CLONE_SYSVSEM|CLONE_SETTLS|CLONE_PARENT_SETTID|CLONE_CHILD_CLEARTID, parent_tidptr=0x7f192389c9d0, tls=0x7f192389c700, child_tidptr=0x7f192389c9d0) = 65367
mmap(NULL, 8392704, PROT_NONE, MAP_PRIVATE|MAP_ANONYMOUS|MAP_STACK, -1, 0) = 0x7f192289b000
mprotect(0x7f192289c000, 8388608, PROT_READ|PROT_WRITE) = 0
clone(child_stack=0x7f192309afb0, flags=CLONE_VM|CLONE_FS|CLONE_FILES|CLONE_SIGHAND|CLONE_THREAD|CLONE_SYSVSEM|CLONE_SETTLS|CLONE_PARENT_SETTID|CLONE_CHILD_CLEARTID, parent_tidptr=0x7f192309b9d0, tls=0x7f192309b700, child_tidptr=0x7f192309b9d0) = 65368
mmap(NULL, 8392704, PROT_NONE, MAP_PRIVATE|MAP_ANONYMOUS|MAP_STACK, -1, 0) = 0x7f192209a000
mprotect(0x7f192209b000, 8388608, PROT_READ|PROT_WRITE) = 0
clone(child_stack=0x7f1922899fb0, flags=CLONE_VM|CLONE_FS|CLONE_FILES|CLONE_SIGHAND|CLONE_THREAD|CLONE_SYSVSEM|CLONE_SETTLS|CLONE_PARENT_SETTID|CLONE_CHILD_CLEARTID, parent_tidptr=0x7f192289a9d0, tls=0x7f192289a700, child_tidptr=0x7f192289a9d0) = 65369
mmap(NULL, 8392704, PROT_NONE, MAP_PRIVATE|MAP_ANONYMOUS|MAP_STACK, -1, 0) = 0x7f1921899000
mprotect(0x7f192189a000, 8388608, PROT_READ|PROT_WRITE) = 0
clone(child_stack=0x7f1922098fb0, flags=CLONE_VM|CLONE_FS|CLONE_FILES|CLONE_SIGHAND|CLONE_THREAD|CLONE_SYSVSEM|CLONE_SETTLS|CLONE_PARENT_SETTID|CLONE_CHILD_CLEARTID, parent_tidptr=0x7f19220999d0, tls=0x7f1922099700, child_tidptr=0x7f19220999d0) = 65370
mmap(NULL, 8392704, PROT_NONE, MAP_PRIVATE|MAP_ANONYMOUS|MAP_STACK, -1, 0) = 0x7f1921098000
mprotect(0x7f1921099000, 8388608, PROT_READ|PROT_WRITE) = 0
clone(child_stack=0x7f1921897fb0, flags=CLONE_VM|CLONE_FS|CLONE_FILES|CLONE_SIGHAND|CLONE_THREAD|CLONE_SYSVSEM|CLONE_SETTLS|CLONE_PARENT_SETTID|CLONE_CHILD_CLEARTID, parent_tidptr=0x7f19218989d0, tls=0x7f1921898700, child_tidptr=0x7f19218989d0) = 65371
mmap(NULL, 8392704, PROT_NONE, MAP_PRIVATE|MAP_ANONYMOUS|MAP_STACK, -1, 0) = 0x7f1920897000
mprotect(0x7f1920898000, 8388608, PROT_READ|PROT_WRITE) = 0
clone(child_stack=0x7f1921096fb0, flags=CLONE_VM|CLONE_FS|CLONE_FILES|CLONE_SIGHAND|CLONE_THREAD|CLONE_SYSVSEM|CLONE_SETTLS|CLONE_PARENT_SETTID|CLONE_CHILD_CLEARTID, parent_tidptr=0x7f19210979d0, tls=0x7f1921097700, child_tidptr=0x7f19210979d0) = 65372
mmap(NULL, 8392704, PROT_NONE, MAP_PRIVATE|MAP_ANONYMOUS|MAP_STACK, -1, 0) = 0x7f1920096000
mprotect(0x7f1920097000, 8388608, PROT_READ|PROT_WRITE) = 0
clone(child_stack=0x7f1920895fb0, flags=CLONE_VM|CLONE_FS|CLONE_FILES|CLONE_SIGHAND|CLONE_THREAD|CLONE_SYSVSEM|CLONE_SETTLS|CLONE_PARENT_SETTID|CLONE_CHILD_CLEARTID, parent_tidptr=0x7f19208969d0, tls=0x7f1920896700, child_tidptr=0x7f19208969d0) = 65373
mmap(NULL, 8392704, PROT_NONE, MAP_PRIVATE|MAP_ANONYMOUS|MAP_STACK, -1, 0) = 0x7f191b7ff000
mprotect(0x7f191b800000, 8388608, PROT_READ|PROT_WRITE) = 0
clone(child_stack=0x7f191bffefb0, flags=CLONE_VM|CLONE_FS|CLONE_FILES|CLONE_SIGHAND|CLONE_THREAD|CLONE_SYSVSEM|CLONE_SETTLS|CLONE_PARENT_SETTID|CLONE_CHILD_CLEARTID, parent_tidptr=0x7f191bfff9d0, tls=0x7f191bfff700, child_tidptr=0x7f191bfff9d0) = 65374
mmap(NULL, 8392704, PROT_NONE, MAP_PRIVATE|MAP_ANONYMOUS|MAP_STACK, -1, 0) = 0x7f191affe000
mprotect(0x7f191afff000, 8388608, PROT_READ|PROT_WRITE) = 0
clone(child_stack=0x7f191b7fdfb0, flags=CLONE_VM|CLONE_FS|CLONE_FILES|CLONE_SIGHAND|CLONE_THREAD|CLONE_SYSVSEM|CLONE_SETTLS|CLONE_PARENT_SETTID|CLONE_CHILD_CLEARTID, parent_tidptr=0x7f191b7fe9d0, tls=0x7f191b7fe700, child_tidptr=0x7f191b7fe9d0) = 65375
mmap(NULL, 8392704, PROT_NONE, MAP_PRIVATE|MAP_ANONYMOUS|MAP_STACK, -1, 0) = 0x7f191a7fd000
mprotect(0x7f191a7fe000, 8388608, PROT_READ|PROT_WRITE) = 0
clone(child_stack=0x7f191affcfb0, flags=CLONE_VM|CLONE_FS|CLONE_FILES|CLONE_SIGHAND|CLONE_THREAD|CLONE_SYSVSEM|CLONE_SETTLS|CLONE_PARENT_SETTID|CLONE_CHILD_CLEARTID, parent_tidptr=0x7f191affd9d0, tls=0x7f191affd700, child_tidptr=0x7f191affd9d0) = 65376
mmap(NULL, 8392704, PROT_NONE, MAP_PRIVATE|MAP_ANONYMOUS|MAP_STACK, -1, 0) = 0x7f1919ffc000
mprotect(0x7f1919ffd000, 8388608, PROT_READ|PROT_WRITE) = 0
clone(child_stack=0x7f191a7fbfb0, flags=CLONE_VM|CLONE_FS|CLONE_FILES|CLONE_SIGHAND|CLONE_THREAD|CLONE_SYSVSEM|CLONE_SETTLS|CLONE_PARENT_SETTID|CLONE_CHILD_CLEARTID, parent_tidptr=0x7f191a7fc9d0, tls=0x7f191a7fc700, child_tidptr=0x7f191a7fc9d0) = 65377
mmap(NULL, 8392704, PROT_NONE, MAP_PRIVATE|MAP_ANONYMOUS|MAP_STACK, -1, 0) = 0x7f19197fb000
mprotect(0x7f19197fc000, 8388608, PROT_READ|PROT_WRITE) = 0
clone(child_stack=0x7f1919ffafb0, flags=CLONE_VM|CLONE_FS|CLONE_FILES|CLONE_SIGHAND|CLONE_THREAD|CLONE_SYSVSEM|CLONE_SETTLS|CLONE_PARENT_SETTID|CLONE_CHILD_CLEARTID, parent_tidptr=0x7f1919ffb9d0, tls=0x7f1919ffb700, child_tidptr=0x7f1919ffb9d0) = 65378
mmap(NULL, 8392704, PROT_NONE, MAP_PRIVATE|MAP_ANONYMOUS|MAP_STACK, -1, 0) = 0x7f1918ffa000
mprotect(0x7f1918ffb000, 8388608, PROT_READ|PROT_WRITE) = 0
clone(child_stack=0x7f19197f9fb0, flags=CLONE_VM|CLONE_FS|CLONE_FILES|CLONE_SIGHAND|CLONE_THREAD|CLONE_SYSVSEM|CLONE_SETTLS|CLONE_PARENT_SETTID|CLONE_CHILD_CLEARTID, parent_tidptr=0x7f19197fa9d0, tls=0x7f19197fa700, child_tidptr=0x7f19197fa9d0) = 65379
mmap(NULL, 8392704, PROT_NONE, MAP_PRIVATE|MAP_ANONYMOUS|MAP_STACK, -1, 0) = 0x7f19187f9000
mprotect(0x7f19187fa000, 8388608, PROT_READ|PROT_WRITE) = 0
clone(child_stack=0x7f1918ff8fb0, flags=CLONE_VM|CLONE_FS|CLONE_FILES|CLONE_SIGHAND|CLONE_THREAD|CLONE_SYSVSEM|CLONE_SETTLS|CLONE_PARENT_SETTID|CLONE_CHILD_CLEARTID, parent_tidptr=0x7f1918ff99d0, tls=0x7f1918ff9700, child_tidptr=0x7f1918ff99d0) = 65380
mmap(NULL, 8392704, PROT_NONE, MAP_PRIVATE|MAP_ANONYMOUS|MAP_STACK, -1, 0) = 0x7f1917ff8000
mprotect(0x7f1917ff9000, 8388608, PROT_READ|PROT_WRITE) = 0
clone(child_stack=0x7f19187f7fb0, flags=CLONE_VM|CLONE_FS|CLONE_FILES|CLONE_SIGHAND|CLONE_THREAD|CLONE_SYSVSEM|CLONE_SETTLS|CLONE_PARENT_SETTID|CLONE_CHILD_CLEARTID, parent_tidptr=0x7f19187f89d0, tls=0x7f19187f8700, child_tidptr=0x7f19187f89d0) = 65381
mmap(NULL, 8392704, PROT_NONE, MAP_PRIVATE|MAP_ANONYMOUS|MAP_STACK, -1, 0) = 0x7f19177f7000
mprotect(0x7f19177f8000, 8388608, PROT_READ|PROT_WRITE) = 0
clone(child_stack=0x7f1917ff6fb0, flags=CLONE_VM|CLONE_FS|CLONE_FILES|CLONE_SIGHAND|CLONE_THREAD|CLONE_SYSVSEM|CLONE_SETTLS|CLONE_PARENT_SETTID|CLONE_CHILD_CLEARTID, parent_tidptr=0x7f1917ff79d0, tls=0x7f1917ff7700, child_tidptr=0x7f1917ff79d0) = 65382
mmap(NULL, 8392704, PROT_NONE, MAP_PRIVATE|MAP_ANONYMOUS|MAP_STACK, -1, 0) = 0x7f1916ff6000
mprotect(0x7f1916ff7000, 8388608, PROT_READ|PROT_WRITE) = 0
clone(child_stack=0x7f19177f5fb0, flags=CLONE_VM|CLONE_FS|CLONE_FILES|CLONE_SIGHAND|CLONE_THREAD|CLONE_SYSVSEM|CLONE_SETTLS|CLONE_PARENT_SETTID|CLONE_CHILD_CLEARTID, parent_tidptr=0x7f19177f69d0, tls=0x7f19177f6700, child_tidptr=0x7f19177f69d0) = 65383
mmap(NULL, 8392704, PROT_NONE, MAP_PRIVATE|MAP_ANONYMOUS|MAP_STACK, -1, 0) = 0x7f19167f5000
mprotect(0x7f19167f6000, 8388608, PROT_READ|PROT_WRITE) = 0
clone(child_stack=0x7f1916ff4fb0, flags=CLONE_VM|CLONE_FS|CLONE_FILES|CLONE_SIGHAND|CLONE_THREAD|CLONE_SYSVSEM|CLONE_SETTLS|CLONE_PARENT_SETTID|CLONE_CHILD_CLEARTID, parent_tidptr=0x7f1916ff59d0, tls=0x7f1916ff5700, child_tidptr=0x7f1916ff59d0) = 65384
mmap(NULL, 8392704, PROT_NONE, MAP_PRIVATE|MAP_ANONYMOUS|MAP_STACK, -1, 0) = 0x7f1915ff4000
mprotect(0x7f1915ff5000, 8388608, PROT_READ|PROT_WRITE) = 0
clone(child_stack=0x7f19167f3fb0, flags=CLONE_VM|CLONE_FS|CLONE_FILES|CLONE_SIGHAND|CLONE_THREAD|CLONE_SYSVSEM|CLONE_SETTLS|CLONE_PARENT_SETTID|CLONE_CHILD_CLEARTID, parent_tidptr=0x7f19167f49d0, tls=0x7f19167f4700, child_tidptr=0x7f19167f49d0) = 65385
mmap(NULL, 8392704, PROT_NONE, MAP_PRIVATE|MAP_ANONYMOUS|MAP_STACK, -1, 0) = 0x7f19157f3000
mprotect(0x7f19157f4000, 8388608, PROT_READ|PROT_WRITE) = 0
clone(child_stack=0x7f1915ff2fb0, flags=CLONE_VM|CLONE_FS|CLONE_FILES|CLONE_SIGHAND|CLONE_THREAD|CLONE_SYSVSEM|CLONE_SETTLS|CLONE_PARENT_SETTID|CLONE_CHILD_CLEARTID, parent_tidptr=0x7f1915ff39d0, tls=0x7f1915ff3700, child_tidptr=0x7f1915ff39d0) = 65386
mmap(NULL, 8392704, PROT_NONE, MAP_PRIVATE|MAP_ANONYMOUS|MAP_STACK, -1, 0) = 0x7f1914ff2000
mprotect(0x7f1914ff3000, 8388608, PROT_READ|PROT_WRITE) = 0
clone(child_stack=0x7f19157f1fb0, flags=CLONE_VM|CLONE_FS|CLONE_FILES|CLONE_SIGHAND|CLONE_THREAD|CLONE_SYSVSEM|CLONE_SETTLS|CLONE_PARENT_SETTID|CLONE_CHILD_CLEARTID, parent_tidptr=0x7f19157f29d0, tls=0x7f19157f2700, child_tidptr=0x7f19157f29d0) = 65387
mmap(NULL, 8392704, PROT_NONE, MAP_PRIVATE|MAP_ANONYMOUS|MAP_STACK, -1, 0) = 0x7f19147f1000
mprotect(0x7f19147f2000, 8388608, PROT_READ|PROT_WRITE) = 0
clone(child_stack=0x7f1914ff0fb0, flags=CLONE_VM|CLONE_FS|CLONE_FILES|CLONE_SIGHAND|CLONE_THREAD|CLONE_SYSVSEM|CLONE_SETTLS|CLONE_PARENT_SETTID|CLONE_CHILD_CLEARTID, parent_tidptr=0x7f1914ff19d0, tls=0x7f1914ff1700, child_tidptr=0x7f1914ff19d0) = 65388
mmap(NULL, 8392704, PROT_NONE, MAP_PRIVATE|MAP_ANONYMOUS|MAP_STACK, -1, 0) = 0x7f1913ff0000
mprotect(0x7f1913ff1000, 8388608, PROT_READ|PROT_WRITE) = 0
clone(child_stack=0x7f19147effb0, flags=CLONE_VM|CLONE_FS|CLONE_FILES|CLONE_SIGHAND|CLONE_THREAD|CLONE_SYSVSEM|CLONE_SETTLS|CLONE_PARENT_SETTID|CLONE_CHILD_CLEARTID, parent_tidptr=0x7f19147f09d0, tls=0x7f19147f0700, child_tidptr=0x7f19147f09d0) = 65389
mmap(NULL, 8392704, PROT_NONE, MAP_PRIVATE|MAP_ANONYMOUS|MAP_STACK, -1, 0) = 0x7f19137ef000
mprotect(0x7f19137f0000, 8388608, PROT_READ|PROT_WRITE) = 0
clone(child_stack=0x7f1913feefb0, flags=CLONE_VM|CLONE_FS|CLONE_FILES|CLONE_SIGHAND|CLONE_THREAD|CLONE_SYSVSEM|CLONE_SETTLS|CLONE_PARENT_SETTID|CLONE_CHILD_CLEARTID, parent_tidptr=0x7f1913fef9d0, tls=0x7f1913fef700, child_tidptr=0x7f1913fef9d0) = 65390
mmap(NULL, 8392704, PROT_NONE, MAP_PRIVATE|MAP_ANONYMOUS|MAP_STACK, -1, 0) = 0x7f1912fee000
mprotect(0x7f1912fef000, 8388608, PROT_READ|PROT_WRITE) = 0
clone(child_stack=0x7f19137edfb0, flags=CLONE_VM|CLONE_FS|CLONE_FILES|CLONE_SIGHAND|CLONE_THREAD|CLONE_SYSVSEM|CLONE_SETTLS|CLONE_PARENT_SETTID|CLONE_CHILD_CLEARTID, parent_tidptr=0x7f19137ee9d0, tls=0x7f19137ee700, child_tidptr=0x7f19137ee9d0) = 65391
mmap(NULL, 8392704, PROT_NONE, MAP_PRIVATE|MAP_ANONYMOUS|MAP_STACK, -1, 0) = 0x7f19127ed000
mprotect(0x7f19127ee000, 8388608, PROT_READ|PROT_WRITE) = 0
clone(child_stack=0x7f1912fecfb0, flags=CLONE_VM|CLONE_FS|CLONE_FILES|CLONE_SIGHAND|CLONE_THREAD|CLONE_SYSVSEM|CLONE_SETTLS|CLONE_PARENT_SETTID|CLONE_CHILD_CLEARTID, parent_tidptr=0x7f1912fed9d0, tls=0x7f1912fed700, child_tidptr=0x7f1912fed9d0) = 65392
mmap(NULL, 8392704, PROT_NONE, MAP_PRIVATE|MAP_ANONYMOUS|MAP_STACK, -1, 0) = 0x7f1911fec000
mprotect(0x7f1911fed000, 8388608, PROT_READ|PROT_WRITE) = 0
clone(child_stack=0x7f19127ebfb0, flags=CLONE_VM|CLONE_FS|CLONE_FILES|CLONE_SIGHAND|CLONE_THREAD|CLONE_SYSVSEM|CLONE_SETTLS|CLONE_PARENT_SETTID|CLONE_CHILD_CLEARTID, parent_tidptr=0x7f19127ec9d0, tls=0x7f19127ec700, child_tidptr=0x7f19127ec9d0) = 65393
mmap(NULL, 8392704, PROT_NONE, MAP_PRIVATE|MAP_ANONYMOUS|MAP_STACK, -1, 0) = 0x7f19117eb000
mprotect(0x7f19117ec000, 8388608, PROT_READ|PROT_WRITE) = 0
clone(child_stack=0x7f1911feafb0, flags=CLONE_VM|CLONE_FS|CLONE_FILES|CLONE_SIGHAND|CLONE_THREAD|CLONE_SYSVSEM|CLONE_SETTLS|CLONE_PARENT_SETTID|CLONE_CHILD_CLEARTID, parent_tidptr=0x7f1911feb9d0, tls=0x7f1911feb700, child_tidptr=0x7f1911feb9d0) = 65394
mmap(NULL, 8392704, PROT_NONE, MAP_PRIVATE|MAP_ANONYMOUS|MAP_STACK, -1, 0) = 0x7f1910fea000
mprotect(0x7f1910feb000, 8388608, PROT_READ|PROT_WRITE) = 0
clone(child_stack=0x7f19117e9fb0, flags=CLONE_VM|CLONE_FS|CLONE_FILES|CLONE_SIGHAND|CLONE_THREAD|CLONE_SYSVSEM|CLONE_SETTLS|CLONE_PARENT_SETTID|CLONE_CHILD_CLEARTID, parent_tidptr=0x7f19117ea9d0, tls=0x7f19117ea700, child_tidptr=0x7f19117ea9d0) = 65395
mmap(NULL, 8392704, PROT_NONE, MAP_PRIVATE|MAP_ANONYMOUS|MAP_STACK, -1, 0) = 0x7f19107e9000
mprotect(0x7f19107ea000, 8388608, PROT_READ|PROT_WRITE) = 0
clone(child_stack=0x7f1910fe8fb0, flags=CLONE_VM|CLONE_FS|CLONE_FILES|CLONE_SIGHAND|CLONE_THREAD|CLONE_SYSVSEM|CLONE_SETTLS|CLONE_PARENT_SETTID|CLONE_CHILD_CLEARTID, parent_tidptr=0x7f1910fe99d0, tls=0x7f1910fe9700, child_tidptr=0x7f1910fe99d0) = 65396
mmap(NULL, 8392704, PROT_NONE, MAP_PRIVATE|MAP_ANONYMOUS|MAP_STACK, -1, 0) = 0x7f190ffe8000
mprotect(0x7f190ffe9000, 8388608, PROT_READ|PROT_WRITE) = 0
clone(child_stack=0x7f19107e7fb0, flags=CLONE_VM|CLONE_FS|CLONE_FILES|CLONE_SIGHAND|CLONE_THREAD|CLONE_SYSVSEM|CLONE_SETTLS|CLONE_PARENT_SETTID|CLONE_CHILD_CLEARTID, parent_tidptr=0x7f19107e89d0, tls=0x7f19107e8700, child_tidptr=0x7f19107e89d0) = 65397
mmap(NULL, 8392704, PROT_NONE, MAP_PRIVATE|MAP_ANONYMOUS|MAP_STACK, -1, 0) = 0x7f190f7e7000
mprotect(0x7f190f7e8000, 8388608, PROT_READ|PROT_WRITE) = 0
clone(child_stack=0x7f190ffe6fb0, flags=CLONE_VM|CLONE_FS|CLONE_FILES|CLONE_SIGHAND|CLONE_THREAD|CLONE_SYSVSEM|CLONE_SETTLS|CLONE_PARENT_SETTID|CLONE_CHILD_CLEARTID, parent_tidptr=0x7f190ffe79d0, tls=0x7f190ffe7700, child_tidptr=0x7f190ffe79d0) = 65398
mmap(NULL, 8392704, PROT_NONE, MAP_PRIVATE|MAP_ANONYMOUS|MAP_STACK, -1, 0) = 0x7f190efe6000
mprotect(0x7f190efe7000, 8388608, PROT_READ|PROT_WRITE) = 0
clone(child_stack=0x7f190f7e5fb0, flags=CLONE_VM|CLONE_FS|CLONE_FILES|CLONE_SIGHAND|CLONE_THREAD|CLONE_SYSVSEM|CLONE_SETTLS|CLONE_PARENT_SETTID|CLONE_CHILD_CLEARTID, parent_tidptr=0x7f190f7e69d0, tls=0x7f190f7e6700, child_tidptr=0x7f190f7e69d0) = 65399
mmap(NULL, 8392704, PROT_NONE, MAP_PRIVATE|MAP_ANONYMOUS|MAP_STACK, -1, 0) = 0x7f190e7e5000
mprotect(0x7f190e7e6000, 8388608, PROT_READ|PROT_WRITE) = 0
clone(child_stack=0x7f190efe4fb0, flags=CLONE_VM|CLONE_FS|CLONE_FILES|CLONE_SIGHAND|CLONE_THREAD|CLONE_SYSVSEM|CLONE_SETTLS|CLONE_PARENT_SETTID|CLONE_CHILD_CLEARTID, parent_tidptr=0x7f190efe59d0, tls=0x7f190efe5700, child_tidptr=0x7f190efe59d0) = 65400
mmap(NULL, 8392704, PROT_NONE, MAP_PRIVATE|MAP_ANONYMOUS|MAP_STACK, -1, 0) = 0x7f190dfe4000
mprotect(0x7f190dfe5000, 8388608, PROT_READ|PROT_WRITE) = 0
clone(child_stack=0x7f190e7e3fb0, flags=CLONE_VM|CLONE_FS|CLONE_FILES|CLONE_SIGHAND|CLONE_THREAD|CLONE_SYSVSEM|CLONE_SETTLS|CLONE_PARENT_SETTID|CLONE_CHILD_CLEARTID, parent_tidptr=0x7f190e7e49d0, tls=0x7f190e7e4700, child_tidptr=0x7f190e7e49d0) = 65401
mmap(NULL, 8392704, PROT_NONE, MAP_PRIVATE|MAP_ANONYMOUS|MAP_STACK, -1, 0) = 0x7f190d7e3000
mprotect(0x7f190d7e4000, 8388608, PROT_READ|PROT_WRITE) = 0
clone(child_stack=0x7f190dfe2fb0, flags=CLONE_VM|CLONE_FS|CLONE_FILES|CLONE_SIGHAND|CLONE_THREAD|CLONE_SYSVSEM|CLONE_SETTLS|CLONE_PARENT_SETTID|CLONE_CHILD_CLEARTID, parent_tidptr=0x7f190dfe39d0, tls=0x7f190dfe3700, child_tidptr=0x7f190dfe39d0) = 65402
mmap(NULL, 8392704, PROT_NONE, MAP_PRIVATE|MAP_ANONYMOUS|MAP_STACK, -1, 0) = 0x7f190cfe2000
mprotect(0x7f190cfe3000, 8388608, PROT_READ|PROT_WRITE) = 0
clone(child_stack=0x7f190d7e1fb0, flags=CLONE_VM|CLONE_FS|CLONE_FILES|CLONE_SIGHAND|CLONE_THREAD|CLONE_SYSVSEM|CLONE_SETTLS|CLONE_PARENT_SETTID|CLONE_CHILD_CLEARTID, parent_tidptr=0x7f190d7e29d0, tls=0x7f190d7e2700, child_tidptr=0x7f190d7e29d0) = 65403
mmap(NULL, 8392704, PROT_NONE, MAP_PRIVATE|MAP_ANONYMOUS|MAP_STACK, -1, 0) = 0x7f190c7e1000
mprotect(0x7f190c7e2000, 8388608, PROT_READ|PROT_WRITE) = 0
clone(child_stack=0x7f190cfe0fb0, flags=CLONE_VM|CLONE_FS|CLONE_FILES|CLONE_SIGHAND|CLONE_THREAD|CLONE_SYSVSEM|CLONE_SETTLS|CLONE_PARENT_SETTID|CLONE_CHILD_CLEARTID, parent_tidptr=0x7f190cfe19d0, tls=0x7f190cfe1700, child_tidptr=0x7f190cfe19d0) = 65404
munmap(0x7f19288a7000, 8392704)         = 0
munmap(0x7f19280a6000, 8392704)         = 0
munmap(0x7f19278a5000, 8392704)         = 0
munmap(0x7f19270a4000, 8392704)         = 0
munmap(0x7f19268a3000, 8392704)         = 0
munmap(0x7f19260a2000, 8392704)         = 0
munmap(0x7f19258a1000, 8392704)         = 0
munmap(0x7f19250a0000, 8392704)         = 0
munmap(0x7f192489f000, 8392704)         = 0
munmap(0x7f192409e000, 8392704)         = 0
munmap(0x7f192389d000, 8392704)         = 0
munmap(0x7f192309c000, 8392704)         = 0
munmap(0x7f192289b000, 8392704)         = 0
futex(0x7f19208969d0, FUTEX_WAIT, 65373, NULLstrace: Process 65355 detached
 <detached ...>
